
> @talken/sdk@1.0.0 dev /Users/minsuj/Library/CloudStorage/GoogleDrive-minsuj@gmail.com/·ÑÇ·Ö¢ ·ÑÉ·Ö≥·ÑÖ·Ö°·Ñã·Öµ·Ñá·Ö≥/Claude/talken-stable-vault/packages/sdk
> tsup src/index.ts --format cjs,esm --dts --watch

CLI Building entry: src/index.ts
CLI Using tsconfig: tsconfig.json
CLI tsup v8.5.0
CLI Running in watch mode
CLI Target: es2022
CJS Build start
ESM Build start
DTS Build start

 WARN  [33m‚ñ≤ [43;33m[[43;30mWARNING[43;33m][0m [1mThe condition "types" here will never be used as it comes after both "import" and "require"[0m [package.json]

    package.json:12:6:
[37m      12 ‚îÇ       [32m"types"[37m: "./dist/index.d.ts"
         ‚ïµ       [32m~~~~~~~[0m

  The "import" condition comes earlier and will be used for all "import" statements:

    package.json:11:6:
[37m      11 ‚îÇ       [32m"import"[37m: "./dist/index.mjs",
         ‚ïµ       [32m~~~~~~~~[0m

  The "require" condition comes earlier and will be used for all "require" calls:

    package.json:10:6:
[37m      10 ‚îÇ       [32m"require"[37m: "./dist/index.js",
         ‚ïµ       [32m~~~~~~~~~[0m




 WARN  [33m‚ñ≤ [43;33m[[43;30mWARNING[43;33m][0m [1mThe condition "types" here will never be used as it comes after both "import" and "require"[0m [package.json]

    package.json:12:6:
[37m      12 ‚îÇ       [32m"types"[37m: "./dist/index.d.ts"
         ‚ïµ       [32m~~~~~~~[0m

  The "import" condition comes earlier and will be used for all "import" statements:

    package.json:11:6:
[37m      11 ‚îÇ       [32m"import"[37m: "./dist/index.mjs",
         ‚ïµ       [32m~~~~~~~~[0m

  The "require" condition comes earlier and will be used for all "require" calls:

    package.json:10:6:
[37m      10 ‚îÇ       [32m"require"[37m: "./dist/index.js",
         ‚ïµ       [32m~~~~~~~~~[0m



CJS dist/index.js 12.52 KB
CJS ‚ö°Ô∏è Build success in 670ms
ESM dist/index.mjs 10.55 KB
ESM ‚ö°Ô∏è Build success in 670ms
CLI Watching for changes in "."
CLI Ignoring changes in "**/{.git,node_modules}/**" | "dist"
error TS5074: Option '--incremental' can only be specified using tsconfig, emitting to single file or when option '--tsBuildInfoFile' is specified.
src/index.ts(2,32): error TS6307: File '/Users/minsuj/Library/CloudStorage/GoogleDrive-minsuj@gmail.com/·ÑÇ·Ö¢ ·ÑÉ·Ö≥·ÑÖ·Ö°·Ñã·Öµ·Ñá·Ö≥/Claude/talken-stable-vault/packages/sdk/src/evm/VaultClient.ts' is not listed within the file list of project ''. Projects must list all files or use an 'include' pattern.
src/index.ts(5,35): error TS6307: File '/Users/minsuj/Library/CloudStorage/GoogleDrive-minsuj@gmail.com/·ÑÇ·Ö¢ ·ÑÉ·Ö≥·ÑÖ·Ö°·Ñã·Öµ·Ñá·Ö≥/Claude/talken-stable-vault/packages/sdk/src/solana/VaultClient.ts' is not listed within the file list of project ''. Projects must list all files or use an 'include' pattern.
src/index.ts(8,30): error TS6307: File '/Users/minsuj/Library/CloudStorage/GoogleDrive-minsuj@gmail.com/·ÑÇ·Ö¢ ·ÑÉ·Ö≥·ÑÖ·Ö°·Ñã·Öµ·Ñá·Ö≥/Claude/talken-stable-vault/packages/sdk/src/api/YieldsClient.ts' is not listed within the file list of project ''. Projects must list all files or use an 'include' pattern.

DTS Build failed
Error: error occurred in dts build
    at Worker.<anonymous> (/Users/minsuj/Library/CloudStorage/GoogleDrive-minsuj@gmail.com/·ÑÇ·Ö¢ ·ÑÉ·Ö≥·ÑÖ·Ö°·Ñã·Öµ·Ñá·Ö≥/Claude/talken-stable-vault/node_modules/.pnpm/tsup@8.5.0_typescript@5.9.3/node_modules/tsup/dist/index.js:1545:26)
    at Worker.emit (node:events:519:28)
    at MessagePort.<anonymous> (node:internal/worker:269:53)
    at [nodejs.internal.kHybridDispatch] (node:internal/event_target:827:20)
    at MessagePort.<anonymous> (node:internal/per_context/messageport:23:28)
RollupError: [plugin dts] src/index.ts: Failed to compile. Check the logs above.
    at getRollupError (/Users/minsuj/Library/CloudStorage/GoogleDrive-minsuj@gmail.com/·ÑÇ·Ö¢ ·ÑÉ·Ö≥·ÑÖ·Ö°·Ñã·Öµ·Ñá·Ö≥/Claude/talken-stable-vault/node_modules/.pnpm/rollup@4.52.4/node_modules/rollup/dist/shared/parseAst.js:285:41)
    at Object.error (/Users/minsuj/Library/CloudStorage/GoogleDrive-minsuj@gmail.com/·ÑÇ·Ö¢ ·ÑÉ·Ö≥·ÑÖ·Ö°·Ñã·Öµ·Ñá·Ö≥/Claude/talken-stable-vault/node_modules/.pnpm/rollup@4.52.4/node_modules/rollup/dist/shared/parseAst.js:281:42)
    at Object.error (/Users/minsuj/Library/CloudStorage/GoogleDrive-minsuj@gmail.com/·ÑÇ·Ö¢ ·ÑÉ·Ö≥·ÑÖ·Ö°·Ñã·Öµ·Ñá·Ö≥/Claude/talken-stable-vault/node_modules/.pnpm/rollup@4.52.4/node_modules/rollup/dist/shared/rollup.js:913:32)
    at Object.error (/Users/minsuj/Library/CloudStorage/GoogleDrive-minsuj@gmail.com/·ÑÇ·Ö¢ ·ÑÉ·Ö≥·ÑÖ·Ö°·Ñã·Öµ·Ñá·Ö≥/Claude/talken-stable-vault/node_modules/.pnpm/rollup@4.52.4/node_modules/rollup/dist/shared/rollup.js:22391:42)
    at generateDtsFromTs (/Users/minsuj/Library/CloudStorage/GoogleDrive-minsuj@gmail.com/·ÑÇ·Ö¢ ·ÑÉ·Ö≥·ÑÖ·Ö°·Ñã·Öµ·Ñá·Ö≥/Claude/talken-stable-vault/node_modules/.pnpm/tsup@8.5.0_typescript@5.9.3/node_modules/tsup/dist/rollup.js:6376:22)
    at /Users/minsuj/Library/CloudStorage/GoogleDrive-minsuj@gmail.com/·ÑÇ·Ö¢ ·ÑÉ·Ö≥·ÑÖ·Ö°·Ñã·Öµ·Ñá·Ö≥/Claude/talken-stable-vault/node_modules/.pnpm/tsup@8.5.0_typescript@5.9.3/node_modules/tsup/dist/rollup.js:6383:59
    at _nullishCoalesce (/Users/minsuj/Library/CloudStorage/GoogleDrive-minsuj@gmail.com/·ÑÇ·Ö¢ ·ÑÉ·Ö≥·ÑÖ·Ö°·Ñã·Öµ·Ñá·Ö≥/Claude/talken-stable-vault/node_modules/.pnpm/tsup@8.5.0_typescript@5.9.3/node_modules/tsup/dist/rollup.js:1:472)
